<?xml version="1.0" encoding="UTF-8"?>
<!-- Generated by org.testng.reporters.JUnitXMLReporter -->
<testsuite ignored="0" hostname="Arti" failures="1" tests="1" name="Test" time="44.181" errors="0" timestamp="2025-03-13T12:24:38 GMT">
  <testcase classname="com.qa.brightHr.tests.Test_MultiEmployeeCreation" name="verifyMultiEmployeeCreation" time="26.294">
    <failure type="java.lang.AssertionError" message="expected [false] but found [true]">
      <![CDATA[java.lang.AssertionError: expected [false] but found [true]
at com.qa.brightHr.tests.Test_MultiEmployeeCreation.verifyMultiEmployeeCreation(Test_MultiEmployeeCreation.java:32)
at java.base/java.util.ArrayList.forEach(ArrayList.java:1597)
... Removed 29 stack frames]]>
    </failure>
  </testcase> <!-- verifyMultiEmployeeCreation -->
</testsuite> <!-- Test -->
