<?xml version="1.0" encoding="UTF-8"?>
<testng-results ignored="0" total="1" passed="1" failed="0" skipped="0">
  <reporter-output>
  </reporter-output>
  <suite started-at="2025-03-13T03:14:38 GMT" name="Suite" finished-at="2025-03-13T03:15:09 GMT" duration-ms="31458">
    <groups>
    </groups>
    <test started-at="2025-03-13T03:14:38 GMT" name="Test" finished-at="2025-03-13T03:15:09 GMT" duration-ms="31458">
      <class name="com.qa.brightHr.tests.Test_MultiEmployeeCreation">
        <test-method is-config="true" signature="validateTitle()[pri:0, instance:com.qa.brightHr.tests.Test_MultiEmployeeCreation@48e1f6c7]" started-at="2025-03-13T03:14:38 GMT" name="validateTitle" finished-at="2025-03-13T03:14:53 GMT" duration-ms="15687" status="PASS">
          <reporter-output>
          </reporter-output>
        </test-method> <!-- validateTitle -->
        <test-method signature="verifyMultiEmployeeCreation()[pri:0, instance:com.qa.brightHr.tests.Test_MultiEmployeeCreation@48e1f6c7]" started-at="2025-03-13T03:14:53 GMT" name="verifyMultiEmployeeCreation" finished-at="2025-03-13T03:15:08 GMT" duration-ms="15161" status="PASS">
          <reporter-output>
          </reporter-output>
        </test-method> <!-- verifyMultiEmployeeCreation -->
        <test-method is-config="true" signature="tearDown()[pri:0, instance:com.qa.brightHr.tests.Test_MultiEmployeeCreation@48e1f6c7]" started-at="2025-03-13T03:15:08 GMT" name="tearDown" finished-at="2025-03-13T03:15:09 GMT" duration-ms="581" status="PASS">
          <reporter-output>
          </reporter-output>
        </test-method> <!-- tearDown -->
      </class> <!-- com.qa.brightHr.tests.Test_MultiEmployeeCreation -->
    </test> <!-- Test -->
  </suite> <!-- Suite -->
</testng-results>
