<?xml version="1.0" encoding="UTF-8"?>
<testng-results ignored="0" total="1" passed="1" failed="0" skipped="0">
  <reporter-output>
  </reporter-output>
  <suite started-at="2025-03-13T12:29:42 GMT" name="Suite" finished-at="2025-03-13T12:30:47 GMT" duration-ms="64347">
    <groups>
    </groups>
    <test started-at="2025-03-13T12:29:42 GMT" name="Test" finished-at="2025-03-13T12:30:47 GMT" duration-ms="64347">
      <class name="com.qa.brightHr.tests.Test_MultiEmployeeCreation">
        <test-method is-config="true" signature="validateTitle()[pri:0, instance:com.qa.brightHr.tests.Test_MultiEmployeeCreation@48e1f6c7]" started-at="2025-03-13T12:29:42 GMT" name="validateTitle" finished-at="2025-03-13T12:29:57 GMT" duration-ms="14803" status="PASS">
          <reporter-output>
          </reporter-output>
        </test-method> <!-- validateTitle -->
        <test-method signature="verifyMultiEmployeeCreation()[pri:0, instance:com.qa.brightHr.tests.Test_MultiEmployeeCreation@48e1f6c7]" started-at="2025-03-13T12:29:57 GMT" name="verifyMultiEmployeeCreation" finished-at="2025-03-13T12:30:46 GMT" duration-ms="48749" status="PASS">
          <reporter-output>
          </reporter-output>
        </test-method> <!-- verifyMultiEmployeeCreation -->
        <test-method is-config="true" signature="tearDown()[pri:0, instance:com.qa.brightHr.tests.Test_MultiEmployeeCreation@48e1f6c7]" started-at="2025-03-13T12:30:46 GMT" name="tearDown" finished-at="2025-03-13T12:30:47 GMT" duration-ms="752" status="PASS">
          <reporter-output>
          </reporter-output>
        </test-method> <!-- tearDown -->
      </class> <!-- com.qa.brightHr.tests.Test_MultiEmployeeCreation -->
    </test> <!-- Test -->
  </suite> <!-- Suite -->
</testng-results>
