<?xml version="1.0" encoding="UTF-8"?>
<testng-results ignored="0" total="1" passed="1" failed="0" skipped="0">
  <reporter-output>
  </reporter-output>
  <suite started-at="2025-03-13T03:13:30 GMT" name="Suite" finished-at="2025-03-13T03:14:14 GMT" duration-ms="43649">
    <groups>
    </groups>
    <test started-at="2025-03-13T03:13:30 GMT" name="Test" finished-at="2025-03-13T03:14:14 GMT" duration-ms="43649">
      <class name="com.qa.brightHr.tests.Test_MultiEmployeeCreation">
        <test-method is-config="true" signature="validateTitle()[pri:0, instance:com.qa.brightHr.tests.Test_MultiEmployeeCreation@1cf56a1c]" started-at="2025-03-13T03:13:30 GMT" name="validateTitle" finished-at="2025-03-13T03:13:52 GMT" duration-ms="21779" status="PASS">
          <reporter-output>
          </reporter-output>
        </test-method> <!-- validateTitle -->
        <test-method signature="verifyMultiEmployeeCreation()[pri:0, instance:com.qa.brightHr.tests.Test_MultiEmployeeCreation@1cf56a1c]" started-at="2025-03-13T03:13:52 GMT" name="verifyMultiEmployeeCreation" finished-at="2025-03-13T03:14:14 GMT" duration-ms="21431" status="PASS">
          <reporter-output>
          </reporter-output>
        </test-method> <!-- verifyMultiEmployeeCreation -->
        <test-method is-config="true" signature="tearDown()[pri:0, instance:com.qa.brightHr.tests.Test_MultiEmployeeCreation@1cf56a1c]" started-at="2025-03-13T03:14:14 GMT" name="tearDown" finished-at="2025-03-13T03:14:14 GMT" duration-ms="408" status="PASS">
          <reporter-output>
          </reporter-output>
        </test-method> <!-- tearDown -->
      </class> <!-- com.qa.brightHr.tests.Test_MultiEmployeeCreation -->
    </test> <!-- Test -->
  </suite> <!-- Suite -->
</testng-results>
